[INFO]	2020-05-01 13:16:38,135	module:views	app_sumo.SUMOUT02:205	編集・配信処理開始
[INFO]	2020-05-01 13:18:56,242	module:views	app_sumo.SUMOUT02:205	編集・配信処理開始
[INFO]	2020-05-01 13:20:18,041	module:views	app_sumo.SUMOUT02:205	編集・配信処理開始
[INFO]	2020-05-01 13:20:18,042	module:add_views	app_sumo.Start_NewsML:50	編集処理 開始
[INFO]	2020-05-01 13:20:18,127	module:add_views	app_sumo.Start_NewsML:78	編集処理 終了
[INFO]	2020-05-01 13:30:33,934	module:views	app_sumo.SUMOUT02:205	編集・配信処理開始
[INFO]	2020-05-01 13:30:33,935	module:add_views	app_sumo.Start_NewsML:50	編集処理 開始
[INFO]	2020-05-01 13:30:33,999	module:add_views	app_sumo.Start_NewsML:78	編集処理 終了
[INFO]	2020-05-01 13:30:34,000	module:views	app_sumo.SUMOUT02:209	編集・配信処理終了
[INFO]	2020-05-01 13:30:44,111	module:views	app_sumo.SUMOUT02:205	編集・配信処理開始
[INFO]	2020-05-01 13:30:44,112	module:add_views	app_sumo.Start_NewsML:50	配信処理 開始
[INFO]	2020-05-01 13:31:04,705	module:views	app_sumo.SUMOUT02:205	編集・配信処理開始
[INFO]	2020-05-01 13:31:04,705	module:add_views	app_sumo.Start_NewsML:50	編集処理 開始
[INFO]	2020-05-01 13:31:04,783	module:add_views	app_sumo.Start_NewsML:78	編集処理 終了
[INFO]	2020-05-01 13:31:04,784	module:views	app_sumo.SUMOUT02:209	編集・配信処理終了
[INFO]	2020-05-01 13:31:05,939	module:views	app_sumo.SUMOUT02:205	編集・配信処理開始
[INFO]	2020-05-01 13:31:05,940	module:add_views	app_sumo.Start_NewsML:50	編集処理 開始
[INFO]	2020-05-01 13:31:06,005	module:add_views	app_sumo.Start_NewsML:78	編集処理 終了
[INFO]	2020-05-01 13:31:06,006	module:views	app_sumo.SUMOUT02:209	編集・配信処理終了
[INFO]	2020-05-01 13:31:14,674	module:views	app_sumo.SUMOUT02:205	編集・配信処理開始
[INFO]	2020-05-01 13:31:14,675	module:add_views	app_sumo.Start_NewsML:50	配信処理 開始
[INFO]	2020-05-01 13:31:14,798	module:add_views	app_sumo.Start_NewsML:83	配信処理 終了
[INFO]	2020-05-01 13:31:14,798	module:views	app_sumo.SUMOUT02:209	編集・配信処理終了
[INFO]	2020-05-01 13:31:34,088	module:views	app_sumo.SUMOUT02:205	編集・配信処理開始
[INFO]	2020-05-01 13:31:34,089	module:add_views	app_sumo.Start_NewsML:50	プレビュー処理 開始
[INFO]	2020-05-01 13:31:34,096	module:add_views	app_sumo.Start_NewsML:65	プレビュー処理 終了
[INFO]	2020-05-01 13:31:38,050	module:views	app_sumo.SUMOUT02:205	編集・配信処理開始
[INFO]	2020-05-01 13:31:38,051	module:add_views	app_sumo.Start_NewsML:50	印刷処理 開始
[INFO]	2020-05-01 13:31:38,114	module:add_views	app_sumo.Start_NewsML:72	印刷処理 終了
[INFO]	2020-05-01 13:31:38,170	module:add_views	app_sumo.Start_NewsML:83	印刷処理 終了
[INFO]	2020-05-01 13:31:38,170	module:views	app_sumo.SUMOUT02:209	編集・配信処理終了
